<?xml version="1.0" encoding="UTF-8"?>
<!-- Generated by org.testng.reporters.JUnitXMLReporter -->
<testsuite ignored="1" hostname="XSC-10286" failures="1" tests="2" name="Default test(failed)" time="0.09" errors="0" timestamp="2023-06-23T10:36:48 IST">
  <testcase classname="com.testng.Parameterized_Test" name="@BeforeTest edge" time="-1.687496807968E9">
    <failure type="org.testng.TestNGException" message="
Parameter &amp;apos;browserLaunch&amp;apos; is required by BeforeTest on method edge but has not been marked @Optional or defined
in C:\Users\XSC-10286\eclipse-workspace\testng\test-output\testng-failed.xml">
      <![CDATA[org.testng.TestNGException: 
Parameter 'browserLaunch' is required by BeforeTest on method edge but has not been marked @Optional or defined
in C:\Users\XSC-10286\eclipse-workspace\testng\test-output\testng-failed.xml
... Removed 21 stack frames]]>
    </failure>
  </testcase> <!-- @BeforeTest edge -->
  <testcase classname="com.testng.Parameterized_Test" name="login" time="0.0">
    <skipped/>
  </testcase> <!-- login -->
  <testcase classname="com.testng.Parameterized_Test" name="fireFox" time="0.0">
    <failure type="org.testng.TestNGException" message="
Parameter &amp;apos;browserLaunch&amp;apos; is required by @Test on method fireFox but has not been marked @Optional or defined
in C:\Users\XSC-10286\eclipse-workspace\testng\test-output\testng-failed.xml">
      <![CDATA[org.testng.TestNGException: 
Parameter 'browserLaunch' is required by @Test on method fireFox but has not been marked @Optional or defined
in C:\Users\XSC-10286\eclipse-workspace\testng\test-output\testng-failed.xml
at java.base/java.util.ArrayList.forEach(ArrayList.java:1511)
... Removed 26 stack frames]]>
    </failure>
  </testcase> <!-- fireFox -->
  <testcase classname="com.testng.Parameterized_Test" name="loginDetails" time="0.0">
    <ignored/>
  </testcase> <!-- loginDetails -->
</testsuite> <!-- Default test(failed) -->
